<?xml version="1.0" encoding="UTF-8"?>
<!-- Generated by org.testng.reporters.JUnitReportReporter -->
<testsuite hostname="Vigneshs-MacBook-Pro.local" failures="0" tests="1" name="org.wikiAutomation.IOSBasics" time="11.389" errors="0" timestamp="2024-02-03T12:07:25 IST" skipped="0">
  <testcase classname="org.wikiAutomation.IOSBasics" name="iOSBasicTest" time="11.389"/>
</testsuite> <!-- org.wikiAutomation.IOSBasics -->
