<?xml version="1.0" encoding="UTF-8"?>
<!-- Generated by org.testng.reporters.JUnitReportReporter -->
<testsuite hostname="Vigneshs-MacBook-Pro.local" failures="0" tests="2" name="org.wikiAutomation.ECom_TestCase_1" time="15.145" errors="0" timestamp="2024-02-03T12:18:39 IST" skipped="0">
  <testcase classname="org.wikiAutomation.ECom_TestCase_1" name="fillFormWithoutName" time="9.605"/>
  <testcase classname="org.wikiAutomation.ECom_TestCase_1" name="fillForm" time="5.540"/>
</testsuite> <!-- org.wikiAutomation.ECom_TestCase_1 -->
