<?xml version="1.0" encoding="UTF-8"?>
<!-- Generated by org.testng.reporters.JUnitReportReporter -->
<testsuite hostname="Vigneshs-MacBook-Pro.local" failures="0" tests="2" name="org.wikiAutomation.ECom_TestCase_3" time="67.784" errors="0" timestamp="2024-02-03T12:07:25 IST" skipped="0">
  <testcase classname="org.wikiAutomation.ECom_TestCase_3" name="totalCartAmount" time="36.308"/>
  <testcase classname="org.wikiAutomation.ECom_TestCase_3" name="totalCartAmount" time="31.476"/>
</testsuite> <!-- org.wikiAutomation.ECom_TestCase_3 -->
